
2026-04-27 17:21:09,953 - INFO - Start scraping
2026-04-27 17:21:09,953 - INFO - SAPO page 1
2026-04-27 17:21:11,101 - INFO - SAPO page 2
2026-04-27 17:21:12,181 - INFO - SAPO page 3
2026-04-27 17:21:13,107 - INFO - SAPO page 4
2026-04-27 17:21:14,437 - INFO - SAPO page 5
2026-04-27 17:21:15,502 - INFO - SAPO page 6
2026-04-27 17:21:16,488 - INFO - SAPO page 7
2026-04-27 17:21:17,251 - INFO - SAPO total: 106
2026-04-27 17:21:37,315 - INFO - VentureBeat total: 12
2026-04-27 17:23:52,398 - INFO - Guardados 118 artigos
2026-04-27 18:00:24,595 - INFO - Start scraping
2026-04-27 18:00:24,595 - INFO - SAPO page 1
2026-04-27 18:00:25,990 - INFO - SAPO page 2
2026-04-27 18:00:27,115 - INFO - SAPO page 3
2026-04-27 18:00:28,269 - INFO - SAPO page 4
2026-04-27 18:00:29,382 - INFO - SAPO page 5
2026-04-27 18:00:30,585 - INFO - SAPO page 6
2026-04-27 18:00:31,416 - INFO - SAPO page 7
2026-04-27 18:00:32,201 - INFO - SAPO total: 106
2026-04-27 18:00:50,748 - INFO - VentureBeat total: 12
2026-04-27 18:03:03,068 - INFO - Guardados 118 artigos
